<?xml version="1.0" encoding="UTF-8"?>
<!-- Generated by org.testng.reporters.JUnitReportReporter -->
<testsuite hostname="Asads-MacBook-Air.local" failures="0" tests="2" name="Testing.Mobile.validInputsandCheckout" time="15.651" errors="0" timestamp="2023-01-08T17:33:05 CST" skipped="0">
  <testcase classname="Testing.Mobile.validInputsandCheckout" name="addTocart" time="14.636"/>
  <system-out/>
  <testcase classname="Testing.Mobile.validInputsandCheckout" name="orderconfirmation" time="1.015"/>
  <system-out/>
</testsuite> <!-- Testing.Mobile.validInputsandCheckout -->
