<?xml version="1.0" encoding="UTF-8"?>
<!-- Generated by org.testng.reporters.JUnitReportReporter -->
<testsuite hostname="Asads-MacBook-Air.local" failures="0" tests="3" name="TestingWithInvalidInput" time="6.879" errors="0" timestamp="2023-01-08T17:16:28 CST" skipped="0">
  <testcase classname="TestingWithInvalidInput" name="invalidusernameinput" time="1.858"/>
  <system-out/>
  <testcase classname="TestingWithInvalidInput" name="invaliusernamepasswordinput" time="1.883"/>
  <system-out/>
  <testcase classname="TestingWithInvalidInput" name="invalidpasswordinput" time="3.138"/>
  <system-out/>
</testsuite> <!-- TestingWithInvalidInput -->
