<?xml version="1.0" encoding="UTF-8"?>
<!-- Generated by org.testng.reporters.JUnitReportReporter -->
<testsuite hostname="Asads-MacBook-Air.local" failures="0" tests="2" name="validInputsandCheckout" time="15.128" errors="0" timestamp="2023-01-08T17:23:50 CST" skipped="0">
  <testcase classname="validInputsandCheckout" name="addTocart" time="14.114"/>
  <system-out/>
  <testcase classname="validInputsandCheckout" name="orderconfirmation" time="1.014"/>
  <system-out/>
</testsuite> <!-- validInputsandCheckout -->
