<?xml version="1.0" encoding="UTF-8"?>
<!-- Generated by org.testng.reporters.JUnitReportReporter -->
<testsuite hostname="Asads-MacBook-Air.local" failures="0" tests="3" name="Testing.Mobile.TestingWithInvalidInput" time="6.466" errors="0" timestamp="2023-01-08T17:33:05 CST" skipped="0">
  <testcase classname="Testing.Mobile.TestingWithInvalidInput" name="invalidusernameinput" time="1.836"/>
  <system-out/>
  <testcase classname="Testing.Mobile.TestingWithInvalidInput" name="invaliusernamepasswordinput" time="1.922"/>
  <system-out/>
  <testcase classname="Testing.Mobile.TestingWithInvalidInput" name="invalidpasswordinput" time="2.708"/>
  <system-out/>
</testsuite> <!-- Testing.Mobile.TestingWithInvalidInput -->
